<?xml version="1.0" encoding="UTF-8"?>
<!-- Generated by org.testng.reporters.JUnitReportReporter -->
<testsuite skipped="0" hostname="DESKTOP-GQS9D0H" name="testNG.TestNG_allAnnotation" tests="2" failures="0" timestamp="21 Jun 2019 18:10:45 GMT" time="0.033" errors="0">
  <testcase name="RealTest1" time="0.020" classname="testNG.TestNG_allAnnotation"/>
  <testcase name="RealTest2" time="0.013" classname="testNG.TestNG_allAnnotation"/>
</testsuite> <!-- testNG.TestNG_allAnnotation -->
