<?xml version="1.0" encoding="UTF-8"?>
<!-- Generated by org.testng.reporters.JUnitReportReporter -->
<testsuite skipped="0" hostname="DESKTOP-GQS9D0H" name="testNG.TestNG_Groups" tests="5" failures="0" timestamp="22 Jun 2019 15:25:40 GMT" time="0.043" errors="0">
  <testcase name="TestOne" time="0.020" classname="testNG.TestNG_Groups"/>
  <testcase name="TestTwo" time="0.013" classname="testNG.TestNG_Groups"/>
  <testcase name="TestThree" time="0.005" classname="testNG.TestNG_Groups"/>
  <testcase name="TestFour" time="0.005" classname="testNG.TestNG_Groups"/>
  <testcase name="TestFive" time="0.000" classname="testNG.TestNG_Groups"/>
</testsuite> <!-- testNG.TestNG_Groups -->
