<?xml version="1.0" encoding="UTF-8"?>
<!-- Generated by org.testng.reporters.JUnitReportReporter -->
<testsuite skipped="0" hostname="DESKTOP-GQS9D0H" name="testNG.TestNG_Annotation" tests="2" failures="0" timestamp="22 Jun 2019 15:25:23 GMT" time="22.362" errors="0">
  <testcase name="BrowserTitle" time="11.659" classname="testNG.TestNG_Annotation"/>
  <testcase name="TypeName" time="10.703" classname="testNG.TestNG_Annotation"/>
</testsuite> <!-- testNG.TestNG_Annotation -->
