<?xml version="1.0" encoding="UTF-8"?>
<!-- Generated by org.testng.reporters.JUnitReportReporter -->
<testsuite skipped="0" hostname="DESKTOP-GQS9D0H" name="testNG.TestNG_Repeat" tests="10" failures="0" timestamp="22 Jun 2019 15:25:55 GMT" time="0.071" errors="0">
  <testcase name="TestOne" time="0.000" classname="testNG.TestNG_Repeat"/>
  <testcase name="TestOne" time="0.007" classname="testNG.TestNG_Repeat"/>
  <testcase name="TestOne" time="0.005" classname="testNG.TestNG_Repeat"/>
  <testcase name="TestOne" time="0.020" classname="testNG.TestNG_Repeat"/>
  <testcase name="TestOne" time="0.005" classname="testNG.TestNG_Repeat"/>
  <testcase name="TestOne" time="0.005" classname="testNG.TestNG_Repeat"/>
  <testcase name="TestOne" time="0.010" classname="testNG.TestNG_Repeat"/>
  <testcase name="TestOne" time="0.004" classname="testNG.TestNG_Repeat"/>
  <testcase name="TestOne" time="0.005" classname="testNG.TestNG_Repeat"/>
  <testcase name="TestOne" time="0.010" classname="testNG.TestNG_Repeat"/>
</testsuite> <!-- testNG.TestNG_Repeat -->
