<?xml version="1.0" encoding="UTF-8"?>
<!-- Generated by org.testng.reporters.JUnitReportReporter -->
<testsuite skipped="0" hostname="DESKTOP-GQS9D0H" name="testNG.TestNG_allAnnotation" tests="2" failures="0" timestamp="22 Jun 2019 15:24:53 GMT" time="0.009" errors="0">
  <testcase name="RealTest2" time="0.005" classname="testNG.TestNG_allAnnotation"/>
  <testcase name="RealTest1" time="0.004" classname="testNG.TestNG_allAnnotation"/>
</testsuite> <!-- testNG.TestNG_allAnnotation -->
