<?xml version="1.0" encoding="UTF-8"?>
<!-- Generated by org.testng.reporters.JUnitReportReporter -->
<testsuite skipped="0" hostname="DESKTOP-GQS9D0H" name="testNG.TestNG_Check" tests="1" failures="0" timestamp="22 Jun 2019 15:25:32 GMT" time="0.025" errors="0">
  <testcase name="TestmyNG" time="0.025" classname="testNG.TestNG_Check"/>
</testsuite> <!-- testNG.TestNG_Check -->
