<?xml version="1.0" encoding="UTF-8"?>
<!-- Generated by org.testng.reporters.JUnitReportReporter -->
<testsuite skipped="0" hostname="DESKTOP-GQS9D0H" name="testNG.TestNG_Priority" tests="4" failures="0" timestamp="22 Jun 2019 15:25:47 GMT" time="0.043" errors="0">
  <testcase name="TestOne" time="0.023" classname="testNG.TestNG_Priority"/>
  <testcase name="TestTwo" time="0.010" classname="testNG.TestNG_Priority"/>
  <testcase name="TestThree" time="0.005" classname="testNG.TestNG_Priority"/>
  <testcase name="TestFour" time="0.005" classname="testNG.TestNG_Priority"/>
</testsuite> <!-- testNG.TestNG_Priority -->
