<?xml version="1.0" encoding="UTF-8"?>
<!-- Generated by org.testng.reporters.JUnitReportReporter -->
<testsuite skipped="0" hostname="DESKTOP-GQS9D0H" name="testNG.TestNG_Annotation" tests="2" failures="0" timestamp="21 Jun 2019 17:15:43 GMT" time="31.180" errors="0">
  <testcase name="BrowserTitle" time="14.957" classname="testNG.TestNG_Annotation"/>
  <testcase name="TypeName" time="16.223" classname="testNG.TestNG_Annotation"/>
</testsuite> <!-- testNG.TestNG_Annotation -->
